<?xml version="1.0" encoding="UTF-8"?>
<!-- Generated by org.testng.reporters.JUnitXMLReporter -->
<testsuite ignored="0" hostname="Soumyas-MacBook-Air.local" failures="0" tests="8" name="Test" time="7.934" errors="0" timestamp="2020-12-17T18:39:07 EST">
  <testcase classname="upgrade.InvalidUserTestCase" name="testResponseWithInValidPassword" time="2.919"/>
  <testcase classname="upgrade.InvalidUserTestCase" name="testResponseWithInValidToken" time="0.844"/>
  <testcase classname="upgrade.InvalidUserTestCase" name="testResponseWithInValidUser" time="0.912"/>
  <testcase classname="upgrade.ValidAndInvalidHeadersTestCase" name="testResponseWithValidHeaders" time="0.918"/>
  <testcase classname="upgrade.ValidAndInvalidHeadersTestCase" name="testResponseWithInvlidHeadersInvaildContent" time="0.19"/>
  <testcase classname="upgrade.ValidAndInvalidHeadersTestCase" name="testResponseWithInvlidHeadersInvaildCorrID" time="0.165"/>
  <testcase classname="upgrade.ValidAndInvalidHeadersTestCase" name="testResponseWithInvlidHeadersInvaildSourceCode" time="0.214"/>
  <testcase classname="upgrade.ProductTypeTestCase" name="validateProductType" time="1.672"/>
</testsuite> <!-- Test -->
