<?xml version="1.0" encoding="UTF-8"?>
<!-- Generated by org.testng.reporters.JUnitReportReporter -->
<testsuite hostname="Soumyas-MacBook-Air.local" failures="0" tests="4" name="upgrade.ValidAndInvalidHeadersTestCase" time="1.487" errors="0" timestamp="2020-12-17T18:39:07 EST" skipped="0">
  <testcase classname="upgrade.ValidAndInvalidHeadersTestCase" name="testResponseWithValidHeaders" time="0.918"/>
  <system-out/>
  <testcase classname="upgrade.ValidAndInvalidHeadersTestCase" name="testResponseWithInvlidHeadersInvaildSourceCode" time="0.214"/>
  <system-out/>
  <testcase classname="upgrade.ValidAndInvalidHeadersTestCase" name="testResponseWithInvlidHeadersInvaildContent" time="0.190"/>
  <system-out/>
  <testcase classname="upgrade.ValidAndInvalidHeadersTestCase" name="testResponseWithInvlidHeadersInvaildCorrID" time="0.165"/>
  <system-out/>
</testsuite> <!-- upgrade.ValidAndInvalidHeadersTestCase -->
