<?xml version="1.0" encoding="UTF-8"?>
<!-- Generated by org.testng.reporters.JUnitReportReporter -->
<testsuite hostname="Soumyas-MacBook-Air.local" failures="0" tests="3" name="upgrade.InvalidUserTestCase" time="4.675" errors="0" timestamp="2020-12-17T18:39:07 EST" skipped="0">
  <testcase classname="upgrade.InvalidUserTestCase" name="testResponseWithInValidToken" time="0.844"/>
  <system-out/>
  <testcase classname="upgrade.InvalidUserTestCase" name="testResponseWithInValidPassword" time="2.919"/>
  <system-out/>
  <testcase classname="upgrade.InvalidUserTestCase" name="testResponseWithInValidUser" time="0.912"/>
  <system-out/>
</testsuite> <!-- upgrade.InvalidUserTestCase -->
